ajrp	4
jvzvqo	6
pfvezcpev	9
ppidirst	8
pvpzszufo	9
hjanrri	7
psijt	5
obmgcxpwa	9
aiwy	4
roprbo	6
wkoqjabcm	9
tvkicew	7
nxtcecspi	9
svjp	4
vcxwecqe	8
qtrxxgmfv	9
irmujk	6
pjtvljwl	8
imkf	4
ufddyfu	7
ezuqun	6
qgtizgqni	9
joswb	5
hcweoslu	8
srigtm	6
nvfjrpoi	8
razhrm	6
kivyyilrl	9
qvowxsr	7
qdvcok	6
xnjtv	5
wbanln	6
cljuj	5
uaqkv	5
eddu	4
ixuxxkgf	8
rhif	4
lxqs	4
hzmacxjx	8
qsjxewm	7
qgdnr	5
qvouy	5
kpplwrj	7
mvdwhjak	8
xpltxh	6
ehbr	4
hnwitskj	8
faijmabzt	9
glidq	5
mwkm	4
innut	5
vwhkryqq	8
bdsukm	6
milkhxzmk	9
bing	4
rqrwu	5
ryshfuiy	8
sfnwwstlx	9
brok	4
uwiuc	5
nvptwnuf	8
lrgs	4
dgdqxs	6
mhpqzjz	7
hnspaw	6
diyudnlq	8
fmdqyjh	7
teitinb	7
pcjauzwhr	9
dzhdjdzih	9
xnsa	4
qequ	4
jqtcceusm	9
sfnjnyzd	8
vyqngc	6
mpltlrg	7
azxb	4
kkxcbf	6
joozcv	6
stxxnnmfb	9
lelhobq	7
ftzz	4
rpgtbgzfc	9
iqzmi	5
indwffug	8
omwmagke	8
qatja	5
vgsg	4
ekvlo	5
ecsmduv	7
rpkq	4
zxyoibeo	8
pwiv	4
dssvr	5
wmhkqo	6
ontplp	6
tpfjydep	8
clzlntm	7
mllj	4
cipeul	6
cwrixpg	7
igntwcqv	8
ownrax	6
dxlyhlp	7
osijb	5
ocrjnyhf	8
gqphpcb	7
fqkxqk	6
tyqfff	6
nptjljvd	8
ifcf	4
mmbmbur	7
hios	4
wkixjqs	7
crxvwux	7
mgusd	5
wxhapbw	7
azqsg	5
vdrl	4
dkhpp	5
hsxmxfz	7
ogbnnw	6
xzdk	4
jmawk	5
vlqbyuzbh	9
jcyzsgrqn	9
ehyhpjzpz	9
aiio	4
gnoclthfq	9
slquok	6
cncafdzy	8
mjnspnj	7
jglwv	5
hqgjiw	6
upgqbptvn	9
prpeu	5
cytevfz	7
spfvj	5
qvapbv	6
dcti	4
mxlebarv	8
zeykionx	8
vvjtezzgb	9
vbjoqorg	8
yvxerq	6
omge	4
cpqwsovm	8
qtax	4
zmcic	5
eckmddowl	9
tncq	4
ljffzbdi	8
ptwwusnz	8
iwjme	5
gpbu	4
sgalhjgfj	9
lybsrnpl	8
ryteyqux	8
jxgkuqvv	8
dgrlikssq	9
hovz	4
duwjycw	7
csncx	5
fqgupmwd	8
ttlbauz	7
qtbyzhhe	8
mmsyw	5
vjovvg	6
idepr	5
qatgziw	7
vompqd	6
pjfhc	5
vwto	4
pftv	4
jjhejto	7
rqtmqx	6
thpdkwf	7
tplytnkha	9
uypdafx	7
agyhqgcg	8
qnunfnjw	8
uhjauhmx	8
zvmviog	7
zjicfm	6
pflv	4
awrvew	6
zyhxd	5
gvcmibo	7
pifsfb	6
zzgverrk	8
kzwd	4
gkkwkrxn	8
wbilqmc	7
erhdom	6
ytzvmnowq	9
ucsfayjcs	9
ncwxrua	7
obvlk	5
zxqph	5
ymswnaqq	8
eahgscnqv	9
zukliwr	7
ussnz	5
rhjzwll	7
mywhe	5
iwxsjt	6
flubvtvc	8
yrraxeqe	8
sjumdeylf	9
kogvixcmc	9
snuzmiza	8
ywyur	5
tkguen	6
mwqkr	5
bvrm	4
iebpfczc	8
zityxztc	8
vwiwhpw	7
xptapuev	8
jsiritcz	8
xsng	4
orfrr	5
heogqnyf	8
vosmevsnz	9
guqgasat	8
shdxv	5
theftwbc	8
exnxqetp	8
ricqdgd	7
yetleonm	8
hhdykxkf	8
uxualtdzt	9
rgaqr	5
jvwcxmfau	9
tihkd	5
erhg	4
xoemxo	6
faivvwavw	9
ztytru	6
ytbqm	5
wcacihsgi	9
nxaph	5
znekejyi	8
gpkneqqgp	9
lfnxg	5
umsrynys	8
cyztrg	6
xrnzl	5
takyyab	7
qdilyewrj	9
otiwipu	7
ieneojms	8
jgjjj	5
nidw	4
ybllkiw	7
wikwryn	7
oykdcsj	7
yxjhy	5
eeoklacwy	9
dookp	5
mpylqaic	8
zepm	4
oyplr	5
lsfvvs	6
tlxrtqbx	8
ojkpiieth	9
nxbtv	5
wjwak	5
jeln	4
havsabh	7
xnwxqvhfz	9
ppkjuouug	9
wuxmcisxt	9
tnokr	5
pqwjxjb	7
xlxtmk	6
racktdpwc	9
nems	4
sqjy	4
kbcumyan	8
fyhcscng	8
qfnw	4
fjcg	4
vfnxrvej	8
fhjgeyc	7
fiixqvr	7
rkvkdcgym	9
lqfz	4
vrosx	5
cqjqghvag	9
ovyxhnz	7
xlzhyn	6
helyx	5
sgwjes	6
cfexkk	6
zgjfscset	9
sevo	4
ojzf	4
toqyoknog	9
hqia	4
neyw	4
qroxwa	6
phuen	5
pusqxce	7
qubg	4
mxbnxolo	8
tqwznrl	7
rnedfj	6
saaef	5
cbmek	5
yvdul	5
sgsinetzv	9
uqnwv	5
lskvb	5
cwbucyfa	8
qsbocavmb	9
qckavte	7
kpcyleqgc	9
xljbuyug	8
bchoq	5
phsthoz	7
jfhznuev	8
acwknlqt	8
xsbhx	5
lzxqsmes	8
ynray	5
vhthcg	6
ppddzc	6
fcsdkm	6
nrzpcfn	7
ynclykrw	8
oreqckfyo	9
wcnbx	5
iuoxbkyzq	9
towi	4
eaabg	5
czgmd	5
fakvd	5
lfzy	4
bswh	4
pumkbbpk	8
iknw	4
orkxaa	6
rtmm	4
gchof	5
ojyui	5
rxggbzzk	8
htvgbdxr	8
vkst	4
dmxp	4
llrm	4
vlcbuejzi	9
myfyge	6
dooadwkly	9
wjpbrsrkv	9
mwszocz	7
dqphorein	9
zwhneudgm	9
xcamqds	7
cdpuudjvz	9
qqrnse	6
ojjhnndr	8
gfvvhqdua	9
kmrnr	5
swqa	4
xmonsx	6
rvdcnp	6
aavqho	6
wvmez	5
bimi	4
qarbydtcm	9
riuompes	8
xnmzeutjm	9
zguaydirk	9
rreivv	6
jtehuouzi	9
qynvxm	6
qqxmtzgf	8
wztzmaxdu	9
yjdhj	5
ykdaycrx	8
urtqmipnp	9
bldo	4
bthqhisz	8
jenapsqmt	9
rbfcemh	7
vnzs	4
psopmox	7
gwfwur	6
aixatspto	9
pypct	5
fizx	4
ouvivwkfr	9
qjyd	4
fwdkdubnn	9
azsoeao	7
pfoxjyuoq	9
avxgvho	7
hordkyy	7
mzazurjjf	9
jyjzcf	6
bqobm	5
eaofaxc	7
hisygyqex	9
zrddaourx	9
plwjmzuk	8
uycnwgqi	8
uvpxic	6
zyshftj	7
egcrrvjl	8
qwsabmgi	8
cgwql	5
krhvc	5
ciuwr	5
dsbxqj	6
ibkimbikv	9
dmstbre	7
jphos	5
guqaxt	6
sybfsytek	9
irfxwk	6
nbvclfb	7
bima	4
ajayhto	7
swts	4
obtzu	5
flprq	5
yurmfbjyx	9
ydox	4
lliomg	6
sikmzrb	7
szrje	5
czkcxr	6
awfkfcg	7
hueswih	7
qgawxddk	8
imflh	5
eqnuihwxn	9
molmfrzag	9
bfzimcw	7
zaaetis	7
agwij	5
cnbxnqzc	8
vfczswuaj	9
jyvldl	6
psne	4
awej	4
ymxq	4
dkywi	5
qgmka	5
vrifegbb	8
dhabpnuhe	9
ehbbtcsr	8
nyupf	5
hotos	5
pdbcxawho	9
iyixb	5
qzyo	4
dxihjbp	7
mowxrf	6
yhuxe	5
lmsgl	5
taez	4
zdtgg	5
vqjmkrxwm	9
hlyeja	6
uddln	5
yayvudpm	8
rycbtsood	9
vvjqphmd	8
dpikzdu	7
pucnvr	6
exmbsxjti	9
kouzjqldx	9
lzmbbxpki	9
otupxmkbd	9
ihfbmi	6
wohbgoec	8
fplsvbtbk	9
ytpmhajmu	9
yhxydnig	8
jofmxzy	7
cdjm	4
drbx	4
qkrnslsy	8
fckqxtn	7
lnvk	4
meip	4
abdkp	5
xolngbmj	8
jpuanrwl	8
grkvjjyp	8
ygqv	4
vbhwkwtb	8
przqo	5
owwx	4
nszgwcvx	8
pduosqdy	8
twvh	4
nnpiiw	6
gettmemv	8
malrs	5
nbllt	5
sydyoz	6
hkrgdxvv	8
uqoygvh	7
yttk	4
dqkoprjg	8
outylea	7
aqagm	5
kumozgxfy	9
cisx	4
rfyyprc	7
sgcvlym	7
yovvli	6
mxfwdl	6
bnjitwb	7
qlmadym	7
ulngfhze	8
nwqjjw	6
kyijozhjh	9
cyvojafmu	9
gbtbu	5
sqkos	5
zzgofkfh	8
tuwigr	6
nnxh	4
ubfmwowms	9
tvyspote	8
rutjpz	6
lulsnzmj	8
tgfq	4
avtb	4
wsxfkvt	7
hypfznqhg	9
ifrjv	5
fnpqmuw	7
myoxk	5
rpnb	4
xbojbq	6
gouyxbg	7
xdaswsq	7
tekfqup	7
dxxiserj	8
veblv	5
vudytf	6
ctjguqu	7
vnjmvmsdl	9
jlhriig	7
tbxqald	7
hydvael	7
pxwwphat	8
czcpclpmd	9
sojmpty	7
frkntr	6
zxacpmdm	8
wriypvs	7
omiaml	6
rjxehqm	7
sfejypus	8
ikqvcfrsv	9
gbytk	5
mxmdoqflk	9
alpvprvb	8
uwtroil	7
brkz	4
zixjtqi	7
pmidnos	7
mmcos	5
wndcdpce	8
cotoht	6
zmmoo	5
vnqlf	5
rdvwpbyj	8
slclerlxy	9
ymfhsvbls	9
mwwnrnqm	8
jswxnvtcc	9
wkkw	4
ktwffhbv	8
qvgdpele	8
ksvnzzyvx	9
xfmw	4
khrmfqhl	8
kspm	4
ifnyfmsx	8
ylxdzrwnk	9
mkmru	5
ghrks	5
dfhhzos	7
tcyydz	6
pscumbni	8
ldjko	5
pzltw	5
esbmxo	6
vlsrnwkz	8
byoinkjz	8
tulwcn	6
prxy	4
mipogwpti	9
ackfopl	7
vgrj	4
qifu	4
wegxq	5
mgvzxlj	7
lmhdff	6
ubwzzuszc	9
gshy	4
yrnftv	6
ceab	4
dnhotqujh	9
twzlfx	6
wxzdprmxr	9
wbkcxm	6
cxfoib	6
puoidlqqc	9
mxpbx	5
iqbuteo	7
rwvojzh	7
pxgg	4
stfnxyon	8
scogwo	6
capruubb	8
txgboss	7
rfuyiu	6
kdbjii	6
valnyz	6
tuet	4
nhevbh	6
somi	4
qxul	4
tgiq	4
cgnbee	6
jlbkvwaq	8
tvezq	5
ecaaclp	7
qcdhtaxyk	9
rigyeco	7
ediuy	5
bvbkz	5
jxfswojzc	9
gbsfqyd	7
mmbbtezmp	9
zfwiimhld	9
hormu	5
imayvo	6
rtowwx	6
lcbnm	5
utrbf	5
mshqyuoak	9
kyzfhaiam	9
oixrvdl	7
zaqiafuzp	9
pzhnn	5
eixnoy	6
tztuqu	6
fhtch	5
effbiiwfv	9
bmjv	4
jernhvho	8
paygsziz	8
wadscm	6
nazldjnb	8
ntnniwlcl	9
prthyc	6
gpyqg	5
wozfgb	6
cszvmcnag	9
uqeaxe	6
hkzfggunw	9
ijljdrypu	9
xmrostgv	8
exgvuoda	8
drxrw	5
ngyhbigrq	9
gqyylfz	7
ohxgposn	8
ikvbajvku	9
pcqmwx	6
ddol	4
dawlznhot	9
xorz	4
bqefy	5
kdervtu	7
rdtkn	5
kwypoijo	8
doceo	5
llltvg	6
jkoq	4
ngidrhgk	8
abuap	5
yyouwbl	7
gpzegfku	8
kvuuhx	6
seymj	5
xxsqsd	6
tmkitnhqs	9
gycyx	5
mkzihygxt	9
jvmkai	6
xdzdbc	6
ffpoyxv	7
hrvitv	6
ecmck	5
pvosnrzg	8
uvdzsidko	9
chcplwdo	8
gxvcsj	6
deelk	5
smpnucp	7
zjihxsvzs	9
fnbeu	5
ohouwno	7
aogmv	5
stytvdd	7
qtqw	4
rvofnnfho	9
kcwpcuua	8
oiuibti	7
dqdu	4
vahnb	5
yrlmvmh	7
eoid	4
otpvsff	7
ubtarbhk	8
fpgop	5
kztas	5
wndbrqbve	9
mqbmmvxym	9
rijxyi	6
ugqcmdni	8
yfcv	4
ajzqxlmob	9
wpetz	5
joxhct	6
reshdj	6
dbopaqlam	9
xglyt	5
ykrriaql	8
yfyfa	5
foimtic	7
hahhkq	6
gwbbz	5
ottoowz	7
dqtlmavj	8
enxcoq	6
saxvfug	7
adcgkyfma	9
dygw	4
hxhoqs	6
rppgtu	6
qvrnc	5
xbhoe	5
ixym	4
xzlmlrizm	9
qmogzj	6
dabnu	5
taclp	5
newr	4
jooqghk	7
chvci	5
ecwr	4
yosxeykky	9
nwey	4
xguqzea	7
qgwc	4
eigkqim	7
fhgtd	5
sanj	4
pphke	5
kqxveu	6
pvejq	5
omvtfctvd	9
uokk	4
wqaafavh	8
oqhj	4
pmnlfuxp	8
nizmnbsp	8
mrfye	5
gdcaqzml	8
ylejpjnp	8
mrpbqjk	7
fyre	4
jzbfvugn	8
llfbayo	7
xcstskqwc	9
uvrmg	5
hjyozmhlr	9
mwqmzwf	7
zbghph	6
xyuueca	7
fmmjh	5
gqppma	6
yhsspns	7
cxieevx	7
wxhakqc	7
dfobc	5
vfsiddfq	8
bwyklsegb	9
timp	4
pcuaasge	8
xrlwdyddx	9
gmhjnwts	8
rteycn	6
nbybasf	7
aahf	4
zfdy	4
skeekue	7
hzkh	4
kxipuikxp	9
fjhpmwn	7
bbaw	4
hfal	4
qxiwox	6
yafxrpn	7
hnnobmozi	9
rlzsqeai	8
yvnfrm	6
xuwzcbvx	8
vgzndtzy	8
vuigs	5
hiccqvudj	9
mpjiz	5
vjuy	4
kejzzoff	8
lwlhbdyi	8
tnxl	4
yfpz	4
ksgjtmqjl	9
lhsqdibj	8
yyyfu	5
kwqnbvts	8
jzgcjc	6
mmzhbflpz	9
zrut	4
vdovvkn	7
vbej	4
foravd	6
sdgeih	6
ojqslrbsc	9
dcxzzkmh	8
ppuqjiye	8
lobgqc	6
lmlqqtxji	9
vlnnjaa	7
maugqvr	7
pgpzwpvy	8
brxw	4
jhhpi	5
txmzwpyjs	9
qwno	4
jcljr	5
xrjq	4
jpxzkta	7
pjbwfi	6
zvnlnx	6
wndvle	6
slhwr	5
bqugfe	6
olwwz	5
nddsc	5
rkows	5
akqvs	5
pvjqp	5
pclp	4
pzbqpwp	7
lbquws	6
ddlpyq	6
wmdzrhqh	8
fgqdbwkmo	9
ysdszdun	8
ztfq	4
nwfunm	6
wvdj	4
jchrxpx	7
qgtx	4
tfjnr	5
nxybi	5
mslon	5
ocqm	4
ljtp	4
pazet	5
ppejp	5
zhxhneli	8
obcmzha	7
tzmxe	5
gwmvf	5
kgxns	5
xabiugafi	9
fgeekdu	7
shsmiyarb	9
ootj	4
bnsoh	5
vfmnuzuf	8
mixzl	5
jgezguga	8
kqrecimb	8
pbfhrhu	7
ecab	4
xdvv	4
mkgjueta	8
vdpevkrgk	9
xpad	4
okcqy	5
vtkkq	5
dxmdy	5
uwpri	5
yncdq	5
gcjdpqm	7
grdkaniyn	9
rskdg	5
ljkwvcc	7
ogynzi	6
ugbeaeg	7
ecwwqajm	8
xsngdu	6
fftobqzh	8
aflxslry	8
jnbx	4
rdomsi	6
bjjgcf	6
kqjcfh	6
gvuiay	6
pnccncymq	9
ymiccq	6
sfdpyomuj	9
jrlplehme	9
jbgcutd	7
wssejw	6
dqdl	4
zdelkc	6
yjtzh	5
btsy	4
yftwfoj	7
ftjvcg	6
ueto	4
yngx	4
kitxhxf	7
zzhdr	5
avzmaaau	8
hsppir	6
zrrmg	5
hjzixv	6
rikkv	5
gcaikxfdf	9
jfoexnjto	9
toesgx	6
glgnxs	6
fdejfxrfi	9
pndga	5
baxivrrjn	9
kfmswme	7
dgpk	4
zhgxn	5
turzktydv	9
rjgva	5
tauclii	7
ubbg	4
yvrzqby	7
qjfoczuu	8
azplhgqca	9
hkmfkhl	7
uxqdyp	6
jgczlksvt	9
djjih	5
nymnm	5
vakyq	5
fzqqp	5
nnmyry	6
eermqeuq	8
rvoofu	6
sefyw	5
rikuibkj	8
fgkx	4
cewzl	5
czcxjuo	7
ndynyzb	7
evpnbtbhi	9
qyag	4
odsshrki	8
flvzh	5
zwmqtu	6
qeznhcn	7
wyumkb	6
xlutedad	8
efudoes	7
wjww	4
rfpjwyk	7
acifgky	7
rvsxavnf	8
msfbd	5
equxgcqy	8
dvxvmdp	7
ovdwuuj	7
vfvm	4
empawfs	7
xoavr	5
gxbxwjs	7
sgqyur	6
zlnegn	6
